TN:
SF:src\routes\current-user.ts
FN:6,(anonymous_1)
FNF:1
FNH:1
FNDA:2,(anonymous_1)
DA:1,4
DA:2,4
DA:4,4
DA:6,4
DA:7,2
DA:10,4
LF:6
LH:6
BRDA:7,0,0,2
BRDA:7,0,1,1
BRF:2
BRH:2
end_of_record
TN:
SF:src\routes\signin.ts
FN:23,(anonymous_8)
FN:23,(anonymous_9)
FNF:2
FNH:2
FNDA:3,(anonymous_8)
FNDA:3,(anonymous_9)
DA:1,4
DA:2,4
DA:4,4
DA:5,4
DA:6,4
DA:7,4
DA:8,4
DA:9,4
DA:11,4
DA:13,4
DA:23,3
DA:24,3
DA:26,3
DA:27,3
DA:28,1
DA:31,2
DA:35,2
DA:36,1
DA:40,1
DA:41,1
DA:50,1
DA:54,1
DA:58,4
LF:23
LH:23
BRDA:27,0,0,1
BRDA:35,1,0,1
BRF:2
BRH:2
end_of_record
TN:
SF:src\routes\signout.ts
FN:5,(anonymous_1)
FNF:1
FNH:1
FNDA:1,(anonymous_1)
DA:1,4
DA:3,4
DA:5,4
DA:6,1
DA:8,1
DA:11,4
LF:6
LH:6
BRF:0
BRH:0
end_of_record
TN:
SF:src\routes\signup.ts
FN:22,(anonymous_8)
FN:22,(anonymous_9)
FNF:2
FNH:2
FNDA:8,(anonymous_8)
FNDA:8,(anonymous_9)
DA:1,4
DA:2,4
DA:3,4
DA:4,4
DA:6,4
DA:7,4
DA:8,4
DA:10,4
DA:12,4
DA:22,8
DA:23,8
DA:24,8
DA:26,8
DA:27,1
DA:30,7
DA:34,7
DA:37,7
DA:38,7
DA:47,7
DA:51,7
DA:55,4
LF:21
LH:21
BRDA:26,0,0,1
BRF:1
BRH:1
end_of_record
