TN:
SF:src\routes\delete.ts
FN:13,(anonymous_8)
FN:13,(anonymous_9)
FNF:2
FNH:2
FNDA:2,(anonymous_8)
FNDA:2,(anonymous_9)
DA:1,4
DA:2,4
DA:7,4
DA:8,4
DA:9,4
DA:11,4
DA:13,4
DA:14,2
DA:16,2
DA:18,2
DA:19,0
DA:21,2
DA:22,0
DA:24,2
DA:25,2
DA:28,2
DA:36,2
DA:39,4
LF:18
LH:16
BRDA:18,0,0,0
BRDA:21,1,0,0
BRF:2
BRH:0
end_of_record
TN:
SF:src\routes\index.ts
FNF:0
FNH:0
DA:1,4
DA:2,4
DA:3,4
DA:4,4
DA:5,4
DA:7,4
DA:9,4
DA:10,4
DA:11,4
DA:12,4
DA:14,4
LF:11
LH:11
BRF:0
BRH:0
end_of_record
TN:
SF:src\routes\list.ts
FN:7,(anonymous_8)
FN:7,(anonymous_9)
FNF:2
FNH:2
FNDA:1,(anonymous_8)
FNDA:1,(anonymous_9)
DA:1,4
DA:2,4
DA:3,4
DA:5,4
DA:7,4
DA:8,1
DA:12,1
DA:15,4
LF:8
LH:8
BRF:0
BRH:0
end_of_record
TN:
SF:src\routes\new.ts
FN:26,(anonymous_8)
FN:30,(anonymous_9)
FN:30,(anonymous_10)
FNF:3
FNH:3
FNDA:11,(anonymous_8)
FNDA:11,(anonymous_9)
FNDA:11,(anonymous_10)
DA:1,4
DA:2,4
DA:3,4
DA:4,4
DA:11,4
DA:12,4
DA:13,4
DA:14,4
DA:15,4
DA:17,4
DA:19,4
DA:26,11
DA:30,11
DA:31,11
DA:33,11
DA:34,11
DA:35,1
DA:38,10
DA:39,10
DA:40,1
DA:43,9
DA:44,9
DA:48,9
DA:54,9
DA:56,9
DA:68,9
DA:72,4
LF:27
LH:27
BRDA:34,0,0,1
BRDA:39,1,0,1
BRF:2
BRH:2
end_of_record
TN:
SF:src\routes\show.ts
FN:11,(anonymous_8)
FN:11,(anonymous_9)
FNF:2
FNH:2
FNDA:2,(anonymous_8)
FNDA:2,(anonymous_9)
DA:1,4
DA:2,4
DA:7,4
DA:9,4
DA:11,4
DA:12,2
DA:14,2
DA:15,0
DA:17,2
DA:18,1
DA:21,1
DA:24,4
LF:12
LH:11
BRDA:14,0,0,0
BRDA:17,1,0,1
BRF:2
BRH:1
end_of_record
