TN:
SF:src\routes\index.ts
FN:6,(anonymous_8)
FN:6,(anonymous_9)
FNF:2
FNH:2
FNDA:1,(anonymous_8)
FNDA:1,(anonymous_9)
DA:1,4
DA:2,4
DA:4,4
DA:6,4
DA:7,1
DA:9,1
DA:12,4
LF:7
LH:7
BRF:0
BRH:0
end_of_record
TN:
SF:src\routes\new.ts
FN:20,(anonymous_8)
FN:20,(anonymous_9)
FNF:2
FNH:2
FNDA:11,(anonymous_8)
FNDA:11,(anonymous_9)
DA:1,4
DA:2,4
DA:3,4
DA:4,4
DA:5,4
DA:6,4
DA:8,4
DA:10,4
DA:20,11
DA:21,11
DA:23,11
DA:28,11
DA:29,11
DA:37,11
DA:41,4
LF:15
LH:15
BRF:0
BRH:0
end_of_record
TN:
SF:src\routes\show.ts
FN:7,(anonymous_8)
FN:7,(anonymous_9)
FNF:2
FNH:2
FNDA:3,(anonymous_8)
FNDA:3,(anonymous_9)
DA:1,4
DA:2,4
DA:3,4
DA:5,4
DA:7,4
DA:8,3
DA:10,3
DA:11,1
DA:14,2
DA:17,4
LF:10
LH:10
BRDA:10,0,0,1
BRF:1
BRH:1
end_of_record
TN:
SF:src\routes\update.ts
FN:26,(anonymous_8)
FN:26,(anonymous_9)
FNF:2
FNH:2
FNDA:5,(anonymous_8)
FNDA:5,(anonymous_9)
DA:1,4
DA:2,4
DA:3,4
DA:10,4
DA:11,4
DA:12,4
DA:14,4
DA:16,4
DA:26,5
DA:27,5
DA:29,5
DA:30,1
DA:33,4
DA:34,1
DA:37,3
DA:38,1
DA:41,2
DA:45,2
DA:46,2
DA:54,2
DA:58,4
LF:21
LH:21
BRDA:29,0,0,1
BRDA:33,1,0,1
BRDA:37,2,0,1
BRF:3
BRH:3
end_of_record
